[2020-11-05 17:16:02] mylog.ERROR: 服务器错误！ ["The GET method is not supported for this route. Supported methods: POST."] []
[2020-11-05 17:16:14] mylog.ERROR: 服务器错误！ ["Class 'App\\Http\\Controllers\\Admin\\Admin' not found"] []
[2020-11-05 17:16:31] mylog.ERROR: 服务器错误！ ["Target class [App\\Http\\Controllers\\Admin\\AuthController] does not exist."] []
[2020-11-05 17:16:50] mylog.ERROR: 服务器错误！ ["Class 'App\\Http\\Controllers\\Admin\\Admin' not found"] []
[2020-11-05 17:18:51] mylog.ERROR: 服务器错误！ ["The GET method is not supported for this route. Supported methods: POST."] []
[2020-11-05 17:22:47] mylog.ERROR: 服务器错误！ ["Class 'App\\Http\\Controllers\\Admin\\Admin' not found"] []
[2020-11-05 17:23:18] mylog.ERROR: 服务器错误！ ["Target class [App\\Http\\Controllers\\App\\Http\\Controllers\\Admin\\Admin\\AuthController] does not exist."] []
[2020-11-05 17:23:29] mylog.ERROR: 服务器错误！ ["Target class [App\\Http\\Controllers\\App\\Http\\Controllers\\Admin\\AuthController] does not exist."] []
[2020-11-05 17:23:49] mylog.ERROR: 服务器错误！ ["Class 'App\\Http\\Controllers\\Admin\\Admin' not found"] []
[2020-11-05 17:24:32] mylog.ERROR: 服务器错误！ ["Target class [App\\Http\\Controllers\\/\\AuthController] does not exist."] []
[2020-11-05 17:24:45] mylog.ERROR: 服务器错误！ ["Target class [App\\Http\\Controllers\\\\AuthController] does not exist."] []
[2020-11-05 17:24:59] mylog.ERROR: 服务器错误！ ["Class 'App\\Http\\Controllers\\Admin\\Admin' not found"] []
[2020-11-05 17:25:08] mylog.ERROR: 服务器错误！ ["Target class [Admin\\AuthController] does not exist."] []
[2020-11-05 17:25:16] mylog.ERROR: 服务器错误！ ["Target class [App\\Http\\Controllers\\/Admin\\AuthController] does not exist."] []
[2020-11-05 17:25:38] mylog.ERROR: 服务器错误！ ["Class 'App\\Http\\Controllers\\Admin\\Admin' not found"] []
[2020-11-05 17:27:02] mylog.ERROR: 服务器错误！ ["Method Illuminate\\Routing\\ResponseFactory::success does not exist."] []
[2020-11-05 17:27:56] mylog.ERROR: 服务器错误！ ["Method Illuminate\\Routing\\ResponseFactory::success does not exist."] []
[2020-11-05 19:35:33] mylog.ERROR: 服务器错误！ ["The GET method is not supported for this route. Supported methods: POST."] []
[2020-11-05 19:37:06] mylog.ERROR: 创建用户失败 ["SQLSTATE[42S22]: Column not found: 1054 Unknown column 'updated_at' in 'field list' (SQL: insert into `user` (`work_id`, `password`, `updated_at`, `created_at`) values (asdf, $2y$10$1KtR.MiQBwAj.QxKYupsK.UuF.IMrs2Hjg9xUS4FzxKH9.X0l4Ilm, 2020-11-05 19:37:06, 2020-11-05 19:37:06))"] []
[2020-11-05 20:38:04] mylog.ERROR: 服务器错误！ ["Undefined index: password"] []
